<?xml version="1.0" encoding="UTF-8"?>
<!-- Generated by org.testng.reporters.JUnitReportReporter -->
<testsuite skipped="0" hostname="Spandana-LPT" name="com.sd.tests.Atom_CreditcardPayment" tests="1" failures="0" timestamp="19 Nov 2020 11:04:13 GMT" time="52.607" errors="0">
  <testcase name="AtomBankCreditCardPayment" time="52.607" classname="com.sd.tests.Atom_CreditcardPayment"/>
</testsuite> <!-- com.sd.tests.Atom_CreditcardPayment -->
