<?xml version="1.0" encoding="UTF-8"?>
<!-- Generated by org.testng.reporters.JUnitReportReporter -->
<testsuite skipped="0" hostname="Spandana-LPT" name="com.sd.tests.RegistrationProcess" tests="1" failures="0" timestamp="26 Jul 2020 13:39:29 GMT" time="0.716" errors="0">
  <testcase name="distributorregprocess" time="0.716" classname="com.sd.tests.RegistrationProcess"/>
</testsuite> <!-- com.sd.tests.RegistrationProcess -->
