<?xml version="1.0" encoding="UTF-8"?>
<!-- Generated by org.testng.reporters.JUnitReportReporter -->
<testsuite skipped="0" hostname="Spandana-LPT" name="com.sd.tests.SamiDistributor_Order" tests="1" failures="0" timestamp="23 Jul 2020 11:54:02 GMT" time="49.136" errors="0">
  <testcase name="distriutor_Orderprocess" time="49.136" classname="com.sd.tests.SamiDistributor_Order"/>
</testsuite> <!-- com.sd.tests.SamiDistributor_Order -->
